<?xml version="1.0" encoding="UTF-8"?>
<testsuite xmlns:xsi="http://www.w3.org/2001/XMLSchema-instance" xsi:noNamespaceSchemaLocation="https://maven.apache.org/surefire/maven-surefire-plugin/xsd/surefire-test-report.xsd" version="3.0.2" name="com.example.users.UsersApplicationTests" time="6.645" tests="1" errors="0" skipped="0" failures="0">
  <properties>
[...]
</properties>
  <testcase name="contextLoads" classname="com.example.users.UsersApplicationTests" time="0.021">
    <system-out><![CDATA[13:23:53.496 [main] INFO org.springframework.test.context.support.AnnotationConfigContextLoaderUtils -- Could not detect default configuration classes for test class [com.example.users.UsersApplicationTests]: UsersApplicationTests does not declare any static, non-private, non-final, nested classes annotated with @Configuration.
13:23:53.711 [main] INFO org.springframework.boot.test.context.SpringBootTestContextBootstrapper -- Found @SpringBootConfiguration com.example.users.UsersApplication for test class com.example.users.UsersApplicationTests

  .   ____          _            __ _ _
 /\\ / ___'_ __ _ _(_)_ __  __ _ \ \ \ \
( ( )\___ | '_ | '_| | '_ \/ _` | \ \ \ \
 \\/  ___)| |_)| | | | | || (_| |  ) ) ) )
  '  |____| .__|_| |_|_| |_\__, | / / / /
 =========|_|==============|___/=/_/_/_/

 :: Spring Boot ::                (v3.4.4)

2025-04-06T13:23:54.323+02:00  INFO 19668 --- [           main] c.example.users.UsersApplicationTests    : Starting UsersApplicationTests using Java 17.0.9 with PID 19668 (started by Emir in C:\Users\Emir\IdeaProjects\SeekSpeed\microservices\users)
2025-04-06T13:23:54.326+02:00  INFO 19668 --- [           main] c.example.users.UsersApplicationTests    : The following 1 profile is active: "test"
2025-04-06T13:23:55.506+02:00  INFO 19668 --- [           main] .s.d.r.c.RepositoryConfigurationDelegate : Bootstrapping Spring Data JPA repositories in DEFAULT mode.
2025-04-06T13:23:55.647+02:00  INFO 19668 --- [           main] .s.d.r.c.RepositoryConfigurationDelegate : Finished Spring Data repository scanning in 124 ms. Found 7 JPA repository interfaces.
2025-04-06T13:23:56.222+02:00  INFO 19668 --- [           main] o.hibernate.jpa.internal.util.LogHelper  : HHH000204: Processing PersistenceUnitInfo [name: default]
2025-04-06T13:23:56.328+02:00  INFO 19668 --- [           main] org.hibernate.Version                    : HHH000412: Hibernate ORM core version 6.6.11.Final
2025-04-06T13:23:56.415+02:00  INFO 19668 --- [           main] o.h.c.internal.RegionFactoryInitiator    : HHH000026: Second-level cache disabled
2025-04-06T13:23:56.684+02:00  INFO 19668 --- [           main] o.s.o.j.p.SpringPersistenceUnitInfo      : No LoadTimeWeaver setup: ignoring JPA class transformer
2025-04-06T13:23:56.747+02:00  INFO 19668 --- [           main] com.zaxxer.hikari.HikariDataSource       : HikariPool-1 - Starting...
2025-04-06T13:23:57.111+02:00  INFO 19668 --- [           main] com.zaxxer.hikari.pool.HikariPool        : HikariPool-1 - Added connection conn0: url=jdbc:h2:mem:testdb user=SA
2025-04-06T13:23:57.115+02:00  INFO 19668 --- [           main] com.zaxxer.hikari.HikariDataSource       : HikariPool-1 - Start completed.
2025-04-06T13:23:57.183+02:00  WARN 19668 --- [           main] org.hibernate.orm.deprecation            : HHH90000025: H2Dialect does not need to be specified explicitly using 'hibernate.dialect' (remove the property setting and it will be selected by default)
2025-04-06T13:23:57.247+02:00  INFO 19668 --- [           main] org.hibernate.orm.connections.pooling    : HHH10001005: Database info:
	Database JDBC URL [Connecting through datasource 'HikariDataSource (HikariPool-1)']
	Database driver: undefined/unknown
	Database version: 2.3.232
	Autocommit mode: undefined/unknown
	Isolation level: undefined/unknown
	Minimum pool size: undefined/unknown
	Maximum pool size: undefined/unknown
2025-04-06T13:23:58.468+02:00  INFO 19668 --- [           main] o.h.e.t.j.p.i.JtaPlatformInitiator       : HHH000489: No JTA platform available (set 'hibernate.transaction.jta.platform' to enable JTA platform integration)
Hibernate: create table equipment (id uuid not null, name varchar(100) not null, quantity integer not null check ((quantity>=0) and (quantity<=10000)), primary key (id))
Hibernate: create table newsletter (id uuid not null, description varchar(1000) not null, title varchar(100) not null, user_id uuid, primary key (id))
Hibernate: create table orders (id uuid not null, equipment_id uuid, user_id uuid, primary key (id))
Hibernate: create table statistics (id uuid not null, average_pace float(53), best_pace float(53), total_time float(53), type_id uuid, user_id uuid, primary key (id))
Hibernate: create table type (id uuid not null, distance varchar(100) not null, event_uuid uuid, results varchar(500), primary key (id))
Hibernate: create table user_event (id uuid not null, eventid uuid, user_id uuid not null, primary key (id))
Hibernate: create table users (id uuid not null, country varchar(255), date_of_birth varchar(255), email_address varchar(255) not null, first_name varchar(50) not null, gender varchar(255) not null, last_name varchar(50) not null, organisation_file varchar(255), password varchar(255) not null, picture varchar(255), role varchar(255), t_shirt_size varchar(255), primary key (id))
Hibernate: alter table if exists newsletter add constraint FK7lvk78rw3ri6mkligyy7wrgd3 foreign key (user_id) references users
Hibernate: alter table if exists statistics add constraint FK67bagx1nm8n2j3cddw55c3mu1 foreign key (type_id) references type
Hibernate: alter table if exists statistics add constraint FKgubpcsln9g1fvbi3f5sgt5def foreign key (user_id) references users
Hibernate: alter table if exists user_event add constraint FKk4yivyy0xvsm1l9kupdggqd2r foreign key (user_id) references users
2025-04-06T13:23:58.570+02:00  INFO 19668 --- [           main] j.LocalContainerEntityManagerFactoryBean : Initialized JPA EntityManagerFactory for persistence unit 'default'
2025-04-06T13:23:59.632+02:00  WARN 19668 --- [           main] JpaBaseConfiguration$JpaWebConfiguration : spring.jpa.open-in-view is enabled by default. Therefore, database queries may be performed during view rendering. Explicitly configure spring.jpa.open-in-view to disable this warning
2025-04-06T13:24:00.052+02:00  INFO 19668 --- [           main] c.example.users.UsersApplicationTests    : Started UsersApplicationTests in 6.146 seconds (process running for 14.656)
]]></system-out>
  </testcase>
</testsuite>