<?xml version="1.0" encoding="UTF-8"?>
<testsuite xmlns:xsi="http://www.w3.org/2001/XMLSchema-instance" xsi:noNamespaceSchemaLocation="https://maven.apache.org/surefire/maven-surefire-plugin/xsd/surefire-test-report.xsd" version="3.0.2" name="com.example.users.controllers.TypeControllerTests" time="0.225" tests="10" errors="0" skipped="0" failures="0">
  <properties>
[...]
</properties>
  <testcase name="patchUpdateType_InvalidPatch_ShouldReturnBadRequest" classname="com.example.users.controllers.TypeControllerTests" time="0.063">
    <system-out><![CDATA[13:23:51.557 [main] INFO org.springframework.mock.web.MockServletContext -- Initializing Spring TestDispatcherServlet ''
13:23:51.558 [main] INFO org.springframework.test.web.servlet.TestDispatcherServlet -- Initializing Servlet ''
13:23:51.558 [main] INFO org.springframework.test.web.servlet.TestDispatcherServlet -- Completed initialization in 0 ms
]]></system-out>
  </testcase>
  <testcase name="deleteType_ExistingType_ShouldReturnOk" classname="com.example.users.controllers.TypeControllerTests" time="0.01">
    <system-out><![CDATA[13:23:51.575 [main] INFO org.springframework.mock.web.MockServletContext -- Initializing Spring TestDispatcherServlet ''
13:23:51.576 [main] INFO org.springframework.test.web.servlet.TestDispatcherServlet -- Initializing Servlet ''
13:23:51.576 [main] INFO org.springframework.test.web.servlet.TestDispatcherServlet -- Completed initialization in 0 ms
]]></system-out>
  </testcase>
  <testcase name="patchUpdateType_ValidPatch_ShouldReturnUpdatedType" classname="com.example.users.controllers.TypeControllerTests" time="0.018">
    <system-out><![CDATA[13:23:51.589 [main] INFO org.springframework.mock.web.MockServletContext -- Initializing Spring TestDispatcherServlet ''
13:23:51.589 [main] INFO org.springframework.test.web.servlet.TestDispatcherServlet -- Initializing Servlet ''
13:23:51.589 [main] INFO org.springframework.test.web.servlet.TestDispatcherServlet -- Completed initialization in 0 ms
]]></system-out>
  </testcase>
  <testcase name="updateType_ExistingType_ShouldReturnUpdatedType" classname="com.example.users.controllers.TypeControllerTests" time="0.026">
    <system-out><![CDATA[13:23:51.610 [main] INFO org.springframework.mock.web.MockServletContext -- Initializing Spring TestDispatcherServlet ''
13:23:51.610 [main] INFO org.springframework.test.web.servlet.TestDispatcherServlet -- Initializing Servlet ''
13:23:51.610 [main] INFO org.springframework.test.web.servlet.TestDispatcherServlet -- Completed initialization in 0 ms
]]></system-out>
  </testcase>
  <testcase name="getAllTypes_ShouldReturnTypes" classname="com.example.users.controllers.TypeControllerTests" time="0.018">
    <system-out><![CDATA[13:23:51.634 [main] INFO org.springframework.mock.web.MockServletContext -- Initializing Spring TestDispatcherServlet ''
13:23:51.634 [main] INFO org.springframework.test.web.servlet.TestDispatcherServlet -- Initializing Servlet ''
13:23:51.635 [main] INFO org.springframework.test.web.servlet.TestDispatcherServlet -- Completed initialization in 0 ms
]]></system-out>
  </testcase>
  <testcase name="getTypeById_NonExistingId_ShouldThrowException" classname="com.example.users.controllers.TypeControllerTests" time="0.012">
    <system-out><![CDATA[13:23:51.650 [main] INFO org.springframework.mock.web.MockServletContext -- Initializing Spring TestDispatcherServlet ''
13:23:51.651 [main] INFO org.springframework.test.web.servlet.TestDispatcherServlet -- Initializing Servlet ''
13:23:51.651 [main] INFO org.springframework.test.web.servlet.TestDispatcherServlet -- Completed initialization in 0 ms
]]></system-out>
  </testcase>
  <testcase name="addType_ValidType_ShouldReturnCreatedType" classname="com.example.users.controllers.TypeControllerTests" time="0.019">
    <system-out><![CDATA[13:23:51.666 [main] INFO org.springframework.mock.web.MockServletContext -- Initializing Spring TestDispatcherServlet ''
13:23:51.666 [main] INFO org.springframework.test.web.servlet.TestDispatcherServlet -- Initializing Servlet ''
13:23:51.666 [main] INFO org.springframework.test.web.servlet.TestDispatcherServlet -- Completed initialization in 0 ms
]]></system-out>
  </testcase>
  <testcase name="updateType_NonExistingType_ShouldReturnNotFound" classname="com.example.users.controllers.TypeControllerTests" time="0.022">
    <system-out><![CDATA[13:23:51.687 [main] INFO org.springframework.mock.web.MockServletContext -- Initializing Spring TestDispatcherServlet ''
13:23:51.687 [main] INFO org.springframework.test.web.servlet.TestDispatcherServlet -- Initializing Servlet ''
13:23:51.688 [main] INFO org.springframework.test.web.servlet.TestDispatcherServlet -- Completed initialization in 1 ms
]]></system-out>
  </testcase>
  <testcase name="getTypeById_ExistingId_ShouldReturnType" classname="com.example.users.controllers.TypeControllerTests" time="0.015">
    <system-out><![CDATA[13:23:51.709 [main] INFO org.springframework.mock.web.MockServletContext -- Initializing Spring TestDispatcherServlet ''
13:23:51.709 [main] INFO org.springframework.test.web.servlet.TestDispatcherServlet -- Initializing Servlet ''
13:23:51.709 [main] INFO org.springframework.test.web.servlet.TestDispatcherServlet -- Completed initialization in 0 ms
]]></system-out>
  </testcase>
  <testcase name="deleteType_NonExistingType_ShouldReturnNotFound" classname="com.example.users.controllers.TypeControllerTests" time="0.015">
    <system-out><![CDATA[13:23:51.724 [main] INFO org.springframework.mock.web.MockServletContext -- Initializing Spring TestDispatcherServlet ''
13:23:51.724 [main] INFO org.springframework.test.web.servlet.TestDispatcherServlet -- Initializing Servlet ''
13:23:51.724 [main] INFO org.springframework.test.web.servlet.TestDispatcherServlet -- Completed initialization in 0 ms
]]></system-out>
  </testcase>
</testsuite>