<?xml version="1.0" encoding="UTF-8"?>
<testsuite xmlns:xsi="http://www.w3.org/2001/XMLSchema-instance" xsi:noNamespaceSchemaLocation="https://maven.apache.org/surefire/maven-surefire-plugin/xsd/surefire-test-report.xsd" version="3.0.2" name="com.example.users.services.OrderServiceTests" time="0.176" tests="10" errors="0" skipped="0" failures="0">
  <properties>
[...]
</properties>
  <testcase name="getAllOrders_ShouldReturnAllOrders" classname="com.example.users.services.OrderServiceTests" time="0.125"/>
  <testcase name="deleteOrder_ExistingOrder_ShouldReturnOk" classname="com.example.users.services.OrderServiceTests" time="0.004"/>
  <testcase name="getOrderById_ExistingId_ShouldReturnOrder" classname="com.example.users.services.OrderServiceTests" time="0.003"/>
  <testcase name="updateOrder_NonExistingOrder_ShouldReturnNotFound" classname="com.example.users.services.OrderServiceTests" time="0.01"/>
  <testcase name="applyPatchToOrder_InvalidPatchOperation_ShouldThrowException" classname="com.example.users.services.OrderServiceTests" time="0.005"/>
  <testcase name="deleteOrder_NonExistingOrder_ShouldReturnNotFound" classname="com.example.users.services.OrderServiceTests" time="0.004"/>
  <testcase name="createOrder_ValidOrder_ShouldReturnOrderDTO" classname="com.example.users.services.OrderServiceTests" time="0.004"/>
  <testcase name="updateOrder_ExistingOrder_ShouldReturnUpdatedOrder" classname="com.example.users.services.OrderServiceTests" time="0.003"/>
  <testcase name="getOrderById_NonExistingId_ShouldThrowException" classname="com.example.users.services.OrderServiceTests" time="0.004"/>
  <testcase name="applyPatchToOrder_ValidPatch_ShouldReturnPatchedOrder" classname="com.example.users.services.OrderServiceTests" time="0.008"/>
</testsuite>